<?xml version="1.0" encoding="UTF-8"?>
<testng-results ignored="0" total="2" passed="2" failed="0" skipped="0">
  <reporter-output>
  </reporter-output>
  <suite started-at="2023-12-16T17:43:50 AWST" name="Default suite" finished-at="2023-12-16T17:44:43 AWST" duration-ms="53565">
    <groups>
    </groups>
    <test started-at="2023-12-16T17:43:50 AWST" name="Default test" finished-at="2023-12-16T17:44:43 AWST" duration-ms="53565">
      <class name="org.saranLiveProjects.ecommerce_4">
        <test-method is-config="true" signature="ConfigureAppium()[pri:0, instance:org.saranLiveProjects.ecommerce_4@4fb61f4a]" started-at="2023-12-16T17:43:50 AWST" name="ConfigureAppium" finished-at="2023-12-16T17:43:57 AWST" duration-ms="6817" status="PASS">
          <reporter-output>
          </reporter-output>
        </test-method> <!-- ConfigureAppium -->
        <test-method signature="FillForm(java.lang.String,java.lang.String,java.lang.String)[pri:0, instance:org.saranLiveProjects.ecommerce_4@4fb61f4a]" started-at="2023-12-16T17:43:57 AWST" name="FillForm" data-provider="getData" finished-at="2023-12-16T17:44:21 AWST" duration-ms="24101" status="PASS">
          <params>
            <param index="0">
              <value>
                <![CDATA[Saranya]]>
              </value>
            </param>
            <param index="1">
              <value>
                <![CDATA[female]]>
              </value>
            </param>
            <param index="2">
              <value>
                <![CDATA[Algeria]]>
              </value>
            </param>
          </params>
          <reporter-output>
          </reporter-output>
        </test-method> <!-- FillForm -->
        <test-method signature="FillForm(java.lang.String,java.lang.String,java.lang.String)[pri:0, instance:org.saranLiveProjects.ecommerce_4@4fb61f4a]" started-at="2023-12-16T17:44:21 AWST" name="FillForm" data-provider="getData" finished-at="2023-12-16T17:44:43 AWST" duration-ms="22613" status="PASS">
          <params>
            <param index="0">
              <value>
                <![CDATA[Donald]]>
              </value>
            </param>
            <param index="1">
              <value>
                <![CDATA[male]]>
              </value>
            </param>
            <param index="2">
              <value>
                <![CDATA[Algeria]]>
              </value>
            </param>
          </params>
          <reporter-output>
          </reporter-output>
        </test-method> <!-- FillForm -->
      </class> <!-- org.saranLiveProjects.ecommerce_4 -->
    </test> <!-- Default test -->
  </suite> <!-- Default suite -->
</testng-results>
